Detecting adapter sequence for read1...
No adapter detected for read1

Read1 before filtering:
total reads: 10676620
total bases: 806038957
Q20 bases: 771616566(95.7294%)
Q30 bases: 756563737(93.8619%)

Read1 after filtering:
total reads: 10602187
total bases: 800446573
Q20 bases: 768643080(96.0268%)
Q30 bases: 753961158(94.1926%)

Filtering result:
reads passed filter: 10602187
reads failed due to low quality: 72578
reads failed due to too many N: 1855
reads failed due to too short: 0
reads with adapter trimmed: 0
bases trimmed due to adapters: 0

Duplication rate (may be overestimated since this is SE data): 42.5929%

JSON report: report/GSM6001955_L4.fastp.json
HTML report: report/GSM6001955_L4.fastp.html

fastp --thread 8 --in1 raw/GSM6001955_L4.fastq.gz --out1 results/trimmed/GSM6001955_L4.fastq.gz --json report/GSM6001955_L4.fastp.json --html report/GSM6001955_L4.fastp.html 
fastp v0.23.2, time used: 54 seconds
