Detecting adapter sequence for read1...
No adapter detected for read1

Read1 before filtering:
total reads: 10273818
total bases: 775566212
Q20 bases: 742090712(95.6837%)
Q30 bases: 727797152(93.8408%)

Read1 after filtering:
total reads: 10197527
total bases: 769851442
Q20 bases: 739056276(95.9999%)
Q30 bases: 725139235(94.1921%)

Filtering result:
reads passed filter: 10197527
reads failed due to low quality: 74018
reads failed due to too many N: 2273
reads failed due to too short: 0
reads with adapter trimmed: 0
bases trimmed due to adapters: 0

Duplication rate (may be overestimated since this is SE data): 40.166%

JSON report: report/GSM6001952_L3.fastp.json
HTML report: report/GSM6001952_L3.fastp.html

fastp --thread 8 --in1 raw/GSM6001952_L3.fastq.gz --out1 results/trimmed/GSM6001952_L3.fastq.gz --json report/GSM6001952_L3.fastp.json --html report/GSM6001952_L3.fastp.html 
fastp v0.23.2, time used: 56 seconds
