Detecting adapter sequence for read1...
No adapter detected for read1

Read1 before filtering:
total reads: 9368511
total bases: 707218760
Q20 bases: 676744444(95.691%)
Q30 bases: 663194230(93.775%)

Read1 after filtering:
total reads: 9314391
total bases: 703155737
Q20 bases: 674539315(95.9303%)
Q30 bases: 661229181(94.0374%)

Filtering result:
reads passed filter: 9314391
reads failed due to low quality: 51386
reads failed due to too many N: 2734
reads failed due to too short: 0
reads with adapter trimmed: 0
bases trimmed due to adapters: 0

Duplication rate (may be overestimated since this is SE data): 38.7599%

JSON report: report/GSM6001954_L2.fastp.json
HTML report: report/GSM6001954_L2.fastp.html

fastp --thread 8 --in1 raw/GSM6001954_L2.fastq.gz --out1 results/trimmed/GSM6001954_L2.fastq.gz --json report/GSM6001954_L2.fastp.json --html report/GSM6001954_L2.fastp.html 
fastp v0.23.2, time used: 52 seconds
