Detecting adapter sequence for read1...
No adapter detected for read1

Read1 before filtering:
total reads: 9353235
total bases: 706019130
Q20 bases: 674865269(95.5874%)
Q30 bases: 661415955(93.6824%)

Read1 after filtering:
total reads: 9298201
total bases: 701894790
Q20 bases: 672643543(95.8325%)
Q30 bases: 659442195(93.9517%)

Filtering result:
reads passed filter: 9298201
reads failed due to low quality: 53020
reads failed due to too many N: 2014
reads failed due to too short: 0
reads with adapter trimmed: 0
bases trimmed due to adapters: 0

Duplication rate (may be overestimated since this is SE data): 39.3042%

JSON report: report/GSM6001953_L3.fastp.json
HTML report: report/GSM6001953_L3.fastp.html

fastp --thread 8 --in1 raw/GSM6001953_L3.fastq.gz --out1 results/trimmed/GSM6001953_L3.fastq.gz --json report/GSM6001953_L3.fastp.json --html report/GSM6001953_L3.fastp.html 
fastp v0.23.2, time used: 54 seconds
