Detecting adapter sequence for read1...
No adapter detected for read1

Read1 before filtering:
total reads: 9228192
total bases: 696587231
Q20 bases: 666058484(95.6174%)
Q30 bases: 652611475(93.687%)

Read1 after filtering:
total reads: 9174911
total bases: 692590536
Q20 bases: 663914814(95.8596%)
Q30 bases: 650712903(93.9535%)

Filtering result:
reads passed filter: 9174911
reads failed due to low quality: 51796
reads failed due to too many N: 1485
reads failed due to too short: 0
reads with adapter trimmed: 0
bases trimmed due to adapters: 0

Duplication rate (may be overestimated since this is SE data): 39.2037%

JSON report: report/GSM6001953_L4.fastp.json
HTML report: report/GSM6001953_L4.fastp.html

fastp --thread 8 --in1 raw/GSM6001953_L4.fastq.gz --out1 results/trimmed/GSM6001953_L4.fastq.gz --json report/GSM6001953_L4.fastp.json --html report/GSM6001953_L4.fastp.html 
fastp v0.23.2, time used: 47 seconds
