Detecting adapter sequence for read1...
No adapter detected for read1

Read1 before filtering:
total reads: 10527533
total bases: 794758202
Q20 bases: 760570926(95.6984%)
Q30 bases: 745664733(93.8228%)

Read1 after filtering:
total reads: 10453851
total bases: 789225346
Q20 bases: 757592310(95.9919%)
Q30 bases: 743040355(94.1481%)

Filtering result:
reads passed filter: 10453851
reads failed due to low quality: 70224
reads failed due to too many N: 3458
reads failed due to too short: 0
reads with adapter trimmed: 0
bases trimmed due to adapters: 0

Duplication rate (may be overestimated since this is SE data): 42.5724%

JSON report: report/GSM6001955_L1.fastp.json
HTML report: report/GSM6001955_L1.fastp.html

fastp --thread 8 --in1 raw/GSM6001955_L1.fastq.gz --out1 results/trimmed/GSM6001955_L1.fastq.gz --json report/GSM6001955_L1.fastp.json --html report/GSM6001955_L1.fastp.html 
fastp v0.23.2, time used: 53 seconds
