Detecting adapter sequence for read1...
No adapter detected for read1

Read1 before filtering:
total reads: 10259776
total bases: 774524168
Q20 bases: 741836263(95.7796%)
Q30 bases: 727444135(93.9214%)

Read1 after filtering:
total reads: 10196562
total bases: 769786105
Q20 bases: 739308069(96.0407%)
Q30 bases: 725214305(94.2098%)

Filtering result:
reads passed filter: 10196562
reads failed due to low quality: 61459
reads failed due to too many N: 1755
reads failed due to too short: 0
reads with adapter trimmed: 0
bases trimmed due to adapters: 0

Duplication rate (may be overestimated since this is SE data): 41.3597%

JSON report: report/GSM6001951_L4.fastp.json
HTML report: report/GSM6001951_L4.fastp.html

fastp --thread 8 --in1 raw/GSM6001951_L4.fastq.gz --out1 results/trimmed/GSM6001951_L4.fastq.gz --json report/GSM6001951_L4.fastp.json --html report/GSM6001951_L4.fastp.html 
fastp v0.23.2, time used: 57 seconds
